<?xml version="1.0" encoding="UTF-8"?>
<!-- Generated by org.testng.reporters.JUnitXMLReporter -->
<testsuite ignored="8" hostname="Lenovo" failures="0" tests="5" name="Test" time="346.586" errors="0" timestamp="2021-11-26T09:08:01 IST">
  <testcase classname="com.automationpractice.testcases.TC_001_Create_New_Account" name="Create_New_Account" time="32.86"/>
  <testcase classname="com.automationpractice.testcases.Tc_002_Login_With_valid_Credentials" name="Verify_Login_With_Valid_Credentials" time="20.385"/>
  <testcase classname="com.automationpractice.testcases.TC_003_Login_with_invalid_credentials" name="Validate_TC_003_Login_with_invalid_credentials" time="121.747"/>
  <testcase classname="com.automationpractice.testcases.TC_004_Logoff" name="Validate_TC_004_Logoff" time="125.374"/>
  <testcase classname="com.automationpractice.testcases.TC_005_Searach_keyword" name="validate_TC_005_Searach_keyword" time="16.242"/>
  <testcase classname="com.automationpractice.testcases.BaseTest" name="@AfterSuite aftersuite" time="0.0">
    <ignored/>
  </testcase> <!-- @AfterSuite aftersuite -->
  <testcase classname="com.automationpractice.testcases.BaseTest" name="@AfterSuite aftersuite" time="0.0">
    <ignored/>
  </testcase> <!-- @AfterSuite aftersuite -->
  <testcase classname="com.automationpractice.testcases.BaseTest" name="@AfterSuite aftersuite" time="0.0">
    <ignored/>
  </testcase> <!-- @AfterSuite aftersuite -->
  <testcase classname="com.automationpractice.testcases.BaseTest" name="@AfterSuite aftersuite" time="0.0">
    <ignored/>
  </testcase> <!-- @AfterSuite aftersuite -->
  <testcase classname="com.automationpractice.testcases.BaseTest" name="@BeforeSuite beforeSuite" time="0.0">
    <ignored/>
  </testcase> <!-- @BeforeSuite beforeSuite -->
  <testcase classname="com.automationpractice.testcases.BaseTest" name="@BeforeSuite beforeSuite" time="0.0">
    <ignored/>
  </testcase> <!-- @BeforeSuite beforeSuite -->
  <testcase classname="com.automationpractice.testcases.BaseTest" name="@BeforeSuite beforeSuite" time="0.0">
    <ignored/>
  </testcase> <!-- @BeforeSuite beforeSuite -->
  <testcase classname="com.automationpractice.testcases.BaseTest" name="@BeforeSuite beforeSuite" time="0.0">
    <ignored/>
  </testcase> <!-- @BeforeSuite beforeSuite -->
</testsuite> <!-- Test -->
