<?xml version="1.0" encoding="UTF-8"?>
<!-- Generated by org.testng.reporters.JUnitXMLReporter -->
<testsuite ignored="1" hostname="Lenovo" failures="0" tests="2" name="Test2" time="71.883" errors="0" timestamp="2021-11-05T12:59:52 IST">
  <testcase classname="com.automationpractice.testcases.Tc_002_Login_With_valid_Credentials" name="Verify_Login_With_Valid_Credentials" time="22.731"/>
  <testcase classname="com.automationpractice.testcases.TC_001_Create_New_Account" name="Create_New_Account" time="42.562"/>
  <testcase classname="com.automationpractice.testcases.BaseTest" name="@BeforeSuite beforeSuite" time="0.0">
    <ignored/>
  </testcase> <!-- @BeforeSuite beforeSuite -->
</testsuite> <!-- Test2 -->
