<?xml version="1.0" encoding="UTF-8"?>
<testng-results ignored="0" total="1" passed="1" failed="0" skipped="0">
  <reporter-output>
  </reporter-output>
  <suite started-at="2021-10-17T16:55:58 IST" name="Suite" finished-at="2021-10-17T16:56:48 IST" duration-ms="49627">
    <groups>
    </groups>
    <test started-at="2021-10-17T16:55:58 IST" name="Test" finished-at="2021-10-17T16:56:48 IST" duration-ms="49627">
      <class name="com.automationpractice.testcases.TC_001_Create_New_Account">
        <test-method is-config="true" signature="launchBrowser()[pri:0, instance:com.automationpractice.testcases.TC_001_Create_New_Account@1b2abca6]" started-at="2021-10-17T16:55:58 IST" name="launchBrowser" finished-at="2021-10-17T16:56:25 IST" duration-ms="26647" status="PASS">
          <reporter-output>
          </reporter-output>
        </test-method> <!-- launchBrowser -->
        <test-method signature="Create_New_Account()[pri:0, instance:com.automationpractice.testcases.TC_001_Create_New_Account@1b2abca6]" started-at="2021-10-17T16:56:25 IST" name="Create_New_Account" description="Verify Create new Account" finished-at="2021-10-17T16:56:47 IST" duration-ms="21974" status="PASS">
          <reporter-output>
          </reporter-output>
        </test-method> <!-- Create_New_Account -->
        <test-method is-config="true" signature="teardown()[pri:0, instance:com.automationpractice.testcases.TC_001_Create_New_Account@1b2abca6]" started-at="2021-10-17T16:56:47 IST" name="teardown" finished-at="2021-10-17T16:56:48 IST" duration-ms="876" status="PASS">
          <reporter-output>
          </reporter-output>
        </test-method> <!-- teardown -->
      </class> <!-- com.automationpractice.testcases.TC_001_Create_New_Account -->
    </test> <!-- Test -->
  </suite> <!-- Suite -->
</testng-results>
